Mplus VERSION 7 (Mac)
MUTHEN & MUTHEN
08/18/2015   3:14 PM

INPUT INSTRUCTIONS

  TITLE: Exercise III from TUESDAY

  Data: FILE is ESSround3-trust-day2-n.dat;
  Format is 12f2;
  listwise=on;

  Variable: Names are cntry A8 A9 A10 B4 B5 B6 B7 B8 B9 B10 cntrynum;
  usevariables are B4 B5;

  missing ARE ALL (66 77 88 99);

  !analysis: type = basic;




  model: TRUST by B4 B5;

  output: sampstat residual Stdyx Tech1 modindices;



INPUT READING TERMINATED NORMALLY



Exercise III from TUESDAY

SUMMARY OF ANALYSIS

Number of groups                                                 1
Number of observations                                       43203

Number of dependent variables                                    2
Number of independent variables                                  0
Number of continuous latent variables                            1

Observed dependent variables

  Continuous
   B4          B5

Continuous latent variables
   TRUST


Estimator                                                       ML
Information matrix                                        OBSERVED
Maximum number of iterations                                  1000
Convergence criterion                                    0.500D-04
Maximum number of steepest descent iterations                   20

Input data file(s)
  ESSround3-trust-day2-n.dat

Input data format
  (12F2)


SAMPLE STATISTICS


     SAMPLE STATISTICS


           Means
              B4            B5
              ________      ________
      1         4.397         4.950


           Covariances
              B4            B5
              ________      ________
 B4             6.589
 B5             4.469         7.168


           Correlations
              B4            B5
              ________      ________
 B4             1.000
 B5             0.650         1.000


     THE DEGREES OF FREEDOM FOR THIS MODEL ARE NEGATIVE.  THE MODEL IS NOT
     IDENTIFIED.  NO CHI-SQUARE TEST IS AVAILABLE.  CHECK YOUR MODEL.

THE MODEL ESTIMATION TERMINATED NORMALLY

     THE STANDARD ERRORS OF THE MODEL PARAMETER ESTIMATES COULD NOT BE
     COMPUTED.  THE MODEL MAY NOT BE IDENTIFIED.  CHECK YOUR MODEL.
     PROBLEM INVOLVING PARAMETER 6.

     THE CONDITION NUMBER IS      -0.554D-06.



MODEL RESULTS

                    Estimate

 TRUST    BY
    B4                 1.000
    B5                 1.131

 Intercepts
    B4                 4.397
    B5                 4.950

 Variances
    TRUST              3.951

 Residual Variances
    B4                 2.637
    B5                 2.114


STANDARDIZED MODEL RESULTS

                      StdYX
                    Estimate

 TRUST    BY
    B4                 0.774
    B5                 0.840

 Intercepts
    B4                 1.713
    B5                 1.849

 Variances
    TRUST              1.000

 Residual Variances
    B4                 0.400
    B5                 0.295


MODEL COMMAND WITH FINAL ESTIMATES USED AS STARTING VALUES

     trust BY b4@1;
     trust BY b5*1.13098;

     [ b4*4.39720 ];
     [ b5*4.95042 ];

     b4*2.63712;
     b5*2.11430;
     trust*3.95132;



RESIDUAL OUTPUT


     ESTIMATED MODEL AND RESIDUALS (OBSERVED - ESTIMATED)


           Model Estimated Means/Intercepts/Thresholds
              B4            B5
              ________      ________
      1         4.397         4.950


           Residuals for Means/Intercepts/Thresholds
              B4            B5
              ________      ________
      1         0.000         0.000


           Model Estimated Covariances/Correlations/Residual Correlations
              B4            B5
              ________      ________
 B4             9.226
 B5             7.451        10.542


           Residuals for Covariances/Correlations/Residual Correlations
              B4            B5
              ________      ________
 B4            -2.637
 B5            -2.982        -3.373


TECHNICAL 1 OUTPUT


     PARAMETER SPECIFICATION


           NU
              B4            B5
              ________      ________
      1           1             2


           LAMBDA
              TRUST
              ________
 B4                 0
 B5                 3


           THETA
              B4            B5
              ________      ________
 B4                 4
 B5                 0             5


           ALPHA
              TRUST
              ________
      1           0


           BETA
              TRUST
              ________
 TRUST              0


           PSI
              TRUST
              ________
 TRUST              6


     STARTING VALUES


           NU
              B4            B5
              ________      ________
      1         4.397         4.950


           LAMBDA
              TRUST
              ________
 B4             1.000
 B5             0.678


           THETA
              B4            B5
              ________      ________
 B4             3.294
 B5             0.000         3.584


           ALPHA
              TRUST
              ________
      1         0.000


           BETA
              TRUST
              ________
 TRUST          0.000


           PSI
              TRUST
              ________
 TRUST          0.050


     Beginning Time:  15:14:51
        Ending Time:  15:14:52
       Elapsed Time:  00:00:01



MUTHEN & MUTHEN
3463 Stoner Ave.
Los Angeles, CA  90066

Tel: (310) 391-9971
Fax: (310) 391-8971
Web: www.StatModel.com
Support: Support@StatModel.com

Copyright (c) 1998-2012 Muthen & Muthen
