Mplus VERSION 7 (Mac)
MUTHEN & MUTHEN
08/18/2015   3:24 PM

INPUT INSTRUCTIONS

  TITLE: Exercise III from TUESDAY

  Data: FILE is ESSround3-trust-day2-n.dat;
  Format is 12f2;
  listwise=on;

  Variable: Names are cntry A8 A9 A10 B4 B5 B6 B7 B8 B9 B10 cntrynum;
  usevariables are B4 B5 B6 A8 A9 A10;

  missing ARE ALL (66 77 88 99);

  !analysis: type = basic;


  model: 	TRINS by B4 B5 B6;
  		TRSOC by A8 A9 A10;

  output: sampstat residual Stdyx Tech1 modindices;



INPUT READING TERMINATED NORMALLY



Exercise III from TUESDAY

SUMMARY OF ANALYSIS

Number of groups                                                 1
Number of observations                                       42349

Number of dependent variables                                    6
Number of independent variables                                  0
Number of continuous latent variables                            2

Observed dependent variables

  Continuous
   B4          B5          B6          A8          A9          A10

Continuous latent variables
   TRINS       TRSOC


Estimator                                                       ML
Information matrix                                        OBSERVED
Maximum number of iterations                                  1000
Convergence criterion                                    0.500D-04
Maximum number of steepest descent iterations                   20

Input data file(s)
  ESSround3-trust-day2-n.dat

Input data format
  (12F2)


SAMPLE STATISTICS


     SAMPLE STATISTICS


           Means
              B4            B5            B6            A8            A9
              ________      ________      ________      ________      ________
      1         4.417         4.973         5.639         4.982         5.552


           Means
              A10
              ________
      1         4.801


           Covariances
              B4            B5            B6            A8            A9
              ________      ________      ________      ________      ________
 B4             6.547
 B5             4.434         7.123
 B6             3.719         4.981         7.255
 A8             2.209         2.320         2.125         6.310
 A9             1.963         2.084         2.113         3.458         5.556
 A10            1.867         2.023         2.032         3.067         3.015


           Covariances
              A10
              ________
 A10            5.651


           Correlations
              B4            B5            B6            A8            A9
              ________      ________      ________      ________      ________
 B4             1.000
 B5             0.649         1.000
 B6             0.540         0.693         1.000
 A8             0.344         0.346         0.314         1.000
 A9             0.326         0.331         0.333         0.584         1.000
 A10            0.307         0.319         0.317         0.514         0.538


           Correlations
              A10
              ________
 A10            1.000


THE MODEL ESTIMATION TERMINATED NORMALLY



MODEL FIT INFORMATION

Number of Free Parameters                       19

Loglikelihood

          H0 Value                     -547367.348
          H1 Value                     -546982.450

Information Criteria

          Akaike (AIC)                 1094772.696
          Bayesian (BIC)               1094937.117
          Sample-Size Adjusted BIC     1094876.734
            (n* = (n + 2) / 24)

Chi-Square Test of Model Fit

          Value                            769.797
          Degrees of Freedom                     8
          P-Value                           0.0000

RMSEA (Root Mean Square Error Of Approximation)

          Estimate                           0.047
          90 Percent C.I.                    0.045  0.050
          Probability RMSEA <= .05           0.931

CFI/TLI

          CFI                                0.992
          TLI                                0.985

Chi-Square Test of Model Fit for the Baseline Model

          Value                          97741.522
          Degrees of Freedom                    15
          P-Value                           0.0000

SRMR (Standardized Root Mean Square Residual)

          Value                              0.017



MODEL RESULTS

                                                    Two-Tailed
                    Estimate       S.E.  Est./S.E.    P-Value

 TRINS    BY
    B4                 1.000      0.000    999.000    999.000
    B5                 1.278      0.008    156.095      0.000
    B6                 1.121      0.008    145.879      0.000

 TRSOC    BY
    A8                 1.000      0.000    999.000    999.000
    A9                 0.965      0.008    128.467      0.000
    A10                0.872      0.007    120.582      0.000

 TRSOC    WITH
    TRINS              1.874      0.026     71.540      0.000

 Intercepts
    B4                 4.417      0.012    355.253      0.000
    B5                 4.973      0.013    383.449      0.000
    B6                 5.639      0.013    430.789      0.000
    A8                 4.982      0.012    408.134      0.000
    A9                 5.552      0.011    484.730      0.000
    A10                4.801      0.012    415.641      0.000

 Variances
    TRINS              3.452      0.043     81.043      0.000
    TRSOC              3.566      0.045     79.462      0.000

 Residual Variances
    B4                 3.095      0.026    117.409      0.000
    B5                 1.484      0.026     57.121      0.000
    B6                 2.921      0.027    106.670      0.000
    A8                 2.744      0.029     94.428      0.000
    A9                 2.236      0.025     87.795      0.000
    A10                2.939      0.027    109.865      0.000


STANDARDIZED MODEL RESULTS


STDYX Standardization

                                                    Two-Tailed
                    Estimate       S.E.  Est./S.E.    P-Value

 TRINS    BY
    B4                 0.726      0.003    257.390      0.000
    B5                 0.890      0.002    415.797      0.000
    B6                 0.773      0.003    301.199      0.000

 TRSOC    BY
    A8                 0.752      0.003    238.929      0.000
    A9                 0.773      0.003    251.972      0.000
    A10                0.693      0.003    205.073      0.000

 TRSOC    WITH
    TRINS              0.534      0.005    115.272      0.000

 Intercepts
    B4                 1.726      0.008    225.130      0.000
    B5                 1.863      0.008    231.821      0.000
    B6                 2.093      0.009    241.155      0.000
    A8                 1.983      0.008    236.956      0.000
    A9                 2.355      0.009    249.512      0.000
    A10                2.020      0.008    238.399      0.000

 Variances
    TRINS              1.000      0.000    999.000    999.000
    TRSOC              1.000      0.000    999.000    999.000

 Residual Variances
    B4                 0.473      0.004    115.378      0.000
    B5                 0.208      0.004     54.715      0.000
    B6                 0.403      0.004    101.492      0.000
    A8                 0.435      0.005     91.941      0.000
    A9                 0.402      0.005     84.832      0.000
    A10                0.520      0.005    111.150      0.000


R-SQUARE

    Observed                                        Two-Tailed
    Variable        Estimate       S.E.  Est./S.E.    P-Value

    B4                 0.527      0.004    128.695      0.000
    B5                 0.792      0.004    207.898      0.000
    B6                 0.597      0.004    150.600      0.000
    A8                 0.565      0.005    119.464      0.000
    A9                 0.598      0.005    125.986      0.000
    A10                0.480      0.005    102.536      0.000


QUALITY OF NUMERICAL RESULTS

     Condition Number for the Information Matrix              0.541E-02
       (ratio of smallest to largest eigenvalue)


RESIDUAL OUTPUT


     ESTIMATED MODEL AND RESIDUALS (OBSERVED - ESTIMATED)


           Model Estimated Means/Intercepts/Thresholds
              B4            B5            B6            A8            A9
              ________      ________      ________      ________      ________
      1         4.417         4.973         5.639         4.982         5.552


           Model Estimated Means/Intercepts/Thresholds
              A10
              ________
      1         4.801


           Residuals for Means/Intercepts/Thresholds
              B4            B5            B6            A8            A9
              ________      ________      ________      ________      ________
      1         0.000         0.000         0.000         0.000         0.000


           Residuals for Means/Intercepts/Thresholds
              A10
              ________
      1         0.000


           Standardized Residuals (z-scores) for Means/Intercepts/Thresholds
              B4            B5            B6            A8            A9
              ________      ________      ________      ________      ________
      1         0.000         0.000         0.000         0.000         0.000


           Standardized Residuals (z-scores) for Means/Intercepts/Thresholds
              A10
              ________
      1         0.000


           Normalized Residuals for Means/Intercepts/Thresholds
              B4            B5            B6            A8            A9
              ________      ________      ________      ________      ________
      1         0.000         0.000         0.000         0.000         0.000


           Normalized Residuals for Means/Intercepts/Thresholds
              A10
              ________
      1         0.000


           Model Estimated Covariances/Correlations/Residual Correlations
              B4            B5            B6            A8            A9
              ________      ________      ________      ________      ________
 B4             6.547
 B5             4.412         7.123
 B6             3.868         4.944         7.255
 A8             1.874         2.395         2.100         6.310
 A9             1.808         2.311         2.026         3.441         5.556
 A10            1.634         2.088         1.831         3.109         3.000


           Model Estimated Covariances/Correlations/Residual Correlations
              A10
              ________
 A10            5.651


           Residuals for Covariances/Correlations/Residual Correlations
              B4            B5            B6            A8            A9
              ________      ________      ________      ________      ________
 B4             0.000
 B5             0.022         0.000
 B6            -0.149         0.038         0.000
 A8             0.336        -0.075         0.025         0.000
 A9             0.155        -0.227         0.087         0.017         0.000
 A10            0.233        -0.065         0.201        -0.042         0.014


           Residuals for Covariances/Correlations/Residual Correlations
              A10
              ________
 A10            0.000


           Standardized Residuals (z-scores) for Covariances/Correlations/Residual Corr
              B4            B5            B6            A8            A9
              ________      ________      ________      ________      ________
 B4           999.000
 B5             8.862         0.000
 B6           -22.334        19.543       999.000
 A8            16.690        -5.058         1.343         0.000
 A9             8.525       -17.528         4.962         4.845         0.125
 A10           11.544        -3.958        10.053        -6.838         3.052


           Standardized Residuals (z-scores) for Covariances/Correlations/Residual Corr
              A10
              ________
 A10            0.000


           Normalized Residuals for Covariances/Correlations/Residual Correlations
              B4            B5            B6            A8            A9
              ________      ________      ________      ________      ________
 B4             0.000
 B5             0.550         0.000
 B6            -3.921         0.887         0.000
 A8            10.167        -2.168         0.736         0.000
 A9             5.036        -7.043         2.673         0.515         0.000
 A10            7.551        -2.005         6.162        -1.290         0.468


           Normalized Residuals for Covariances/Correlations/Residual Correlations
              A10
              ________
 A10            0.000


MODEL MODIFICATION INDICES

NOTE:  Modification indices for direct effects of observed dependent variables
regressed on covariates may not be included.  To include these, request
MODINDICES (ALL).

Minimum M.I. value for printing the modification index    10.000

                            M.I.     E.P.C.  Std E.P.C.  StdYX E.P.C.

BY Statements

TRINS    BY A9             51.308    -0.055     -0.102       -0.043
TRINS    BY A10            20.947     0.034      0.063        0.027
TRSOC    BY B4            329.086     0.133      0.251        0.098
TRSOC    BY B5            509.269    -0.177     -0.334       -0.125
TRSOC    BY B6             66.906     0.062      0.117        0.044

WITH Statements

B5       WITH B4           66.731     0.332      0.332        0.155
B6       WITH B4          509.182    -0.728     -0.728       -0.242
B6       WITH B5          329.740     0.896      0.896        0.431
A8       WITH B4          138.300     0.211      0.211        0.072
A8       WITH B6           52.004    -0.130     -0.130       -0.046
A9       WITH B5          172.261    -0.204     -0.204       -0.112
A9       WITH B6           58.912     0.129      0.129        0.050
A9       WITH A8           20.892     0.176      0.176        0.071
A10      WITH B5           24.812    -0.081     -0.081       -0.039
A10      WITH B6           59.542     0.137      0.137        0.047
A10      WITH A8           51.270    -0.232     -0.232       -0.082


TECHNICAL 1 OUTPUT


     PARAMETER SPECIFICATION


           NU
              B4            B5            B6            A8            A9
              ________      ________      ________      ________      ________
      1           1             2             3             4             5


           NU
              A10
              ________
      1           6


           LAMBDA
              TRINS         TRSOC
              ________      ________
 B4                 0             0
 B5                 7             0
 B6                 8             0
 A8                 0             0
 A9                 0             9
 A10                0            10


           THETA
              B4            B5            B6            A8            A9
              ________      ________      ________      ________      ________
 B4                11
 B5                 0            12
 B6                 0             0            13
 A8                 0             0             0            14
 A9                 0             0             0             0            15
 A10                0             0             0             0             0


           THETA
              A10
              ________
 A10               16


           ALPHA
              TRINS         TRSOC
              ________      ________
      1           0             0


           BETA
              TRINS         TRSOC
              ________      ________
 TRINS              0             0
 TRSOC              0             0


           PSI
              TRINS         TRSOC
              ________      ________
 TRINS             17
 TRSOC             18            19


     STARTING VALUES


           NU
              B4            B5            B6            A8            A9
              ________      ________      ________      ________      ________
      1         4.417         4.973         5.639         4.982         5.552


           NU
              A10
              ________
      1         4.801


           LAMBDA
              TRINS         TRSOC
              ________      ________
 B4             1.000         0.000
 B5             1.340         0.000
 B6             1.124         0.000
 A8             0.000         1.000
 A9             0.000         0.983
 A10            0.000         0.872


           THETA
              B4            B5            B6            A8            A9
              ________      ________      ________      ________      ________
 B4             3.273
 B5             0.000         3.562
 B6             0.000         0.000         3.628
 A8             0.000         0.000         0.000         3.155
 A9             0.000         0.000         0.000         0.000         2.778
 A10            0.000         0.000         0.000         0.000         0.000


           THETA
              A10
              ________
 A10            2.825


           ALPHA
              TRINS         TRSOC
              ________      ________
      1         0.000         0.000


           BETA
              TRINS         TRSOC
              ________      ________
 TRINS          0.000         0.000
 TRSOC          0.000         0.000


           PSI
              TRINS         TRSOC
              ________      ________
 TRINS          0.050
 TRSOC          0.000         0.050


     Beginning Time:  15:24:48
        Ending Time:  15:24:49
       Elapsed Time:  00:00:01



MUTHEN & MUTHEN
3463 Stoner Ave.
Los Angeles, CA  90066

Tel: (310) 391-9971
Fax: (310) 391-8971
Web: www.StatModel.com
Support: Support@StatModel.com

Copyright (c) 1998-2012 Muthen & Muthen
