Mplus VERSION 7 (Mac)
MUTHEN & MUTHEN
08/18/2015   3:23 PM

INPUT INSTRUCTIONS

  TITLE: Exercise III from TUESDAY

  Data: FILE is ESSround3-trust-day2-n.dat;
  Format is 12f2;
  listwise=on;

  Variable: Names are cntry A8 A9 A10 B4 B5 B6 B7 B8 B9 B10 cntrynum;
  usevariables are B4 B5 A8 A9;

  missing ARE ALL (66 77 88 99);

  !analysis: type = basic;


  model: 	TRINS by B4 B5;
  		TRSOC by A8 A9;

  output: sampstat residual Stdyx Tech1 modindices;



INPUT READING TERMINATED NORMALLY



Exercise III from TUESDAY

SUMMARY OF ANALYSIS

Number of groups                                                 1
Number of observations                                       42658

Number of dependent variables                                    4
Number of independent variables                                  0
Number of continuous latent variables                            2

Observed dependent variables

  Continuous
   B4          B5          A8          A9

Continuous latent variables
   TRINS       TRSOC


Estimator                                                       ML
Information matrix                                        OBSERVED
Maximum number of iterations                                  1000
Convergence criterion                                    0.500D-04
Maximum number of steepest descent iterations                   20

Input data file(s)
  ESSround3-trust-day2-n.dat

Input data format
  (12F2)


SAMPLE STATISTICS


     SAMPLE STATISTICS


           Means
              B4            B5            A8            A9
              ________      ________      ________      ________
      1         4.411         4.965         4.977         5.551


           Covariances
              B4            B5            A8            A9
              ________      ________      ________      ________
 B4             6.557
 B5             4.441         7.136
 A8             2.212         2.322         6.320
 A9             1.962         2.083         3.460         5.567


           Correlations
              B4            B5            A8            A9
              ________      ________      ________      ________
 B4             1.000
 B5             0.649         1.000
 A8             0.344         0.346         1.000
 A9             0.325         0.330         0.583         1.000


THE MODEL ESTIMATION TERMINATED NORMALLY



MODEL FIT INFORMATION

Number of Free Parameters                       13

Loglikelihood

          H0 Value                     -375470.614
          H1 Value                     -375470.068

Information Criteria

          Akaike (AIC)                  750967.227
          Bayesian (BIC)                751079.820
          Sample-Size Adjusted BIC      751038.506
            (n* = (n + 2) / 24)

Chi-Square Test of Model Fit

          Value                              1.090
          Degrees of Freedom                     1
          P-Value                           0.2964

RMSEA (Root Mean Square Error Of Approximation)

          Estimate                           0.001
          90 Percent C.I.                    0.000  0.013
          Probability RMSEA <= .05           1.000

CFI/TLI

          CFI                                1.000
          TLI                                1.000

Chi-Square Test of Model Fit for the Baseline Model

          Value                          49228.220
          Degrees of Freedom                     6
          P-Value                           0.0000

SRMR (Standardized Root Mean Square Residual)

          Value                              0.001



MODEL RESULTS

                                                    Two-Tailed
                    Estimate       S.E.  Est./S.E.    P-Value

 TRINS    BY
    B4                 1.000      0.000    999.000    999.000
    B5                 1.055      0.011     93.274      0.000

 TRSOC    BY
    A8                 1.000      0.000    999.000    999.000
    A9                 0.892      0.011     83.606      0.000

 TRSOC    WITH
    TRINS              2.207      0.033     67.839      0.000

 Intercepts
    B4                 4.411      0.012    355.774      0.000
    B5                 4.965      0.013    383.852      0.000
    A8                 4.977      0.012    408.861      0.000
    A9                 5.551      0.011    485.929      0.000

 Variances
    TRINS              4.211      0.059     71.509      0.000
    TRSOC              3.878      0.058     66.334      0.000

 Residual Variances
    B4                 2.346      0.044     52.876      0.000
    B5                 2.452      0.049     50.081      0.000
    A8                 2.442      0.046     53.239      0.000
    A9                 2.479      0.038     65.224      0.000


STANDARDIZED MODEL RESULTS


STDYX Standardization

                                                    Two-Tailed
                    Estimate       S.E.  Est./S.E.    P-Value

 TRINS    BY
    B4                 0.801      0.004    186.388      0.000
    B5                 0.810      0.004    187.869      0.000

 TRSOC    BY
    A8                 0.783      0.005    166.579      0.000
    A9                 0.745      0.005    160.718      0.000

 TRSOC    WITH
    TRINS              0.546      0.005    108.038      0.000

 Intercepts
    B4                 1.723      0.008    225.757      0.000
    B5                 1.859      0.008    232.447      0.000
    A8                 1.980      0.008    237.672      0.000
    A9                 2.353      0.009    250.345      0.000

 Variances
    TRINS              1.000      0.000    999.000    999.000
    TRSOC              1.000      0.000    999.000    999.000

 Residual Variances
    B4                 0.358      0.007     51.918      0.000
    B5                 0.344      0.007     49.186      0.000
    A8                 0.386      0.007     52.454      0.000
    A9                 0.445      0.007     64.523      0.000


R-SQUARE

    Observed                                        Two-Tailed
    Variable        Estimate       S.E.  Est./S.E.    P-Value

    B4                 0.642      0.007     93.194      0.000
    B5                 0.656      0.007     93.934      0.000
    A8                 0.614      0.007     83.290      0.000
    A9                 0.555      0.007     80.359      0.000


QUALITY OF NUMERICAL RESULTS

     Condition Number for the Information Matrix              0.242E-02
       (ratio of smallest to largest eigenvalue)


RESIDUAL OUTPUT


     ESTIMATED MODEL AND RESIDUALS (OBSERVED - ESTIMATED)


           Model Estimated Means/Intercepts/Thresholds
              B4            B5            A8            A9
              ________      ________      ________      ________
      1         4.411         4.965         4.977         5.551


           Residuals for Means/Intercepts/Thresholds
              B4            B5            A8            A9
              ________      ________      ________      ________
      1         0.000         0.000         0.000         0.000


           Standardized Residuals (z-scores) for Means/Intercepts/Thresholds
              B4            B5            A8            A9
              ________      ________      ________      ________
      1         0.000        -0.296         0.000         0.000


           Normalized Residuals for Means/Intercepts/Thresholds
              B4            B5            A8            A9
              ________      ________      ________      ________
      1         0.000        -0.001         0.000         0.000


           Model Estimated Covariances/Correlations/Residual Correlations
              B4            B5            A8            A9
              ________      ________      ________      ________
 B4             6.557
 B5             4.441         7.136
 A8             2.207         2.327         6.320
 A9             1.969         2.076         3.460         5.567


           Residuals for Covariances/Correlations/Residual Correlations
              B4            B5            A8            A9
              ________      ________      ________      ________
 B4             0.000
 B5             0.000         0.000
 A8             0.006        -0.005         0.000
 A9            -0.007         0.006         0.000         0.000


           Standardized Residuals (z-scores) for Covariances/Correlations/Residual Corr
              B4            B5            A8            A9
              ________      ________      ________      ________
 B4             0.306
 B5             0.564         0.166
 A8             1.100        -0.958         0.252
 A9            -1.044         1.069         0.225         0.292


           Normalized Residuals for Covariances/Correlations/Residual Correlations
              B4            B5            A8            A9
              ________      ________      ________      ________
 B4             0.003
 B5             0.006         0.001
 A8             0.177        -0.158         0.002
 A9            -0.219         0.201         0.002         0.002


MODEL MODIFICATION INDICES

NOTE:  Modification indices for direct effects of observed dependent variables
regressed on covariates may not be included.  To include these, request
MODINDICES (ALL).

Minimum M.I. value for printing the modification index    10.000

                            M.I.     E.P.C.  Std E.P.C.  StdYX E.P.C.

No modification indices above the minimum value.



TECHNICAL 1 OUTPUT


     PARAMETER SPECIFICATION


           NU
              B4            B5            A8            A9
              ________      ________      ________      ________
      1           1             2             3             4


           LAMBDA
              TRINS         TRSOC
              ________      ________
 B4                 0             0
 B5                 5             0
 A8                 0             0
 A9                 0             6


           THETA
              B4            B5            A8            A9
              ________      ________      ________      ________
 B4                 7
 B5                 0             8
 A8                 0             0             9
 A9                 0             0             0            10


           ALPHA
              TRINS         TRSOC
              ________      ________
      1           0             0


           BETA
              TRINS         TRSOC
              ________      ________
 TRINS              0             0
 TRSOC              0             0


           PSI
              TRINS         TRSOC
              ________      ________
 TRINS             11
 TRSOC             12            13


     STARTING VALUES


           NU
              B4            B5            A8            A9
              ________      ________      ________      ________
      1         4.411         4.965         4.977         5.551


           LAMBDA
              TRINS         TRSOC
              ________      ________
 B4             1.000         0.000
 B5             0.677         0.000
 A8             0.000         1.000
 A9             0.000         0.547


           THETA
              B4            B5            A8            A9
              ________      ________      ________      ________
 B4             3.279
 B5             0.000         3.568
 A8             0.000         0.000         3.160
 A9             0.000         0.000         0.000         2.783


           ALPHA
              TRINS         TRSOC
              ________      ________
      1         0.000         0.000


           BETA
              TRINS         TRSOC
              ________      ________
 TRINS          0.000         0.000
 TRSOC          0.000         0.000


           PSI
              TRINS         TRSOC
              ________      ________
 TRINS          0.050
 TRSOC          0.000         0.050


     Beginning Time:  15:23:16
        Ending Time:  15:23:17
       Elapsed Time:  00:00:01



MUTHEN & MUTHEN
3463 Stoner Ave.
Los Angeles, CA  90066

Tel: (310) 391-9971
Fax: (310) 391-8971
Web: www.StatModel.com
Support: Support@StatModel.com

Copyright (c) 1998-2012 Muthen & Muthen
