Mplus VERSION 7 (Mac)
MUTHEN & MUTHEN
08/18/2015   3:48 PM

INPUT INSTRUCTIONS

  TITLE: Exercise III from TUESDAY

  Data: FILE is ESSround3-trust-day2-n.dat;
  Format is 12f2;
  listwise=on;

  Variable: Names are cntry A8 A9 A10 B4 B5 B6 B7 B8 B9 B10 cntrynum;
  usevariables are B4 B5 A8 A9;
  useobservation are (cntrynum EQ 12);

  missing ARE ALL (66 77 88 99);

  !analysis: type = basic;


  model: 	TRINS by B4 B5;
  		TRSOC by A8 A9;

  output: sampstat residual Stdyx Tech1 modindices;



INPUT READING TERMINATED NORMALLY



Exercise III from TUESDAY

SUMMARY OF ANALYSIS

Number of groups                                                 1
Number of observations                                        2309

Number of dependent variables                                    4
Number of independent variables                                  0
Number of continuous latent variables                            2

Observed dependent variables

  Continuous
   B4          B5          A8          A9

Continuous latent variables
   TRINS       TRSOC


Estimator                                                       ML
Information matrix                                        OBSERVED
Maximum number of iterations                                  1000
Convergence criterion                                    0.500D-04
Maximum number of steepest descent iterations                   20

Input data file(s)
  ESSround3-trust-day2-n.dat

Input data format
  (12F2)


SAMPLE STATISTICS


     SAMPLE STATISTICS


           Means
              B4            B5            A8            A9
              ________      ________      ________      ________
      1         4.154         4.993         5.418         5.786


           Covariances
              B4            B5            A8            A9
              ________      ________      ________      ________
 B4             5.683
 B5             3.033         5.783
 A8             1.158         1.258         4.694
 A9             1.003         1.115         2.061         4.240


           Correlations
              B4            B5            A8            A9
              ________      ________      ________      ________
 B4             1.000
 B5             0.529         1.000
 A8             0.224         0.241         1.000
 A9             0.204         0.225         0.462         1.000


THE MODEL ESTIMATION TERMINATED NORMALLY



MODEL FIT INFORMATION

Number of Free Parameters                       13

Loglikelihood

          H0 Value                      -19824.227
          H1 Value                      -19824.196

Information Criteria

          Akaike (AIC)                   39674.455
          Bayesian (BIC)                 39749.134
          Sample-Size Adjusted BIC       39707.831
            (n* = (n + 2) / 24)

Chi-Square Test of Model Fit

          Value                              0.062
          Degrees of Freedom                     1
          P-Value                           0.8036

RMSEA (Root Mean Square Error Of Approximation)

          Estimate                           0.000
          90 Percent C.I.                    0.000  0.035
          Probability RMSEA <= .05           0.988

CFI/TLI

          CFI                                1.000
          TLI                                1.004

Chi-Square Test of Model Fit for the Baseline Model

          Value                           1531.974
          Degrees of Freedom                     6
          P-Value                           0.0000

SRMR (Standardized Root Mean Square Residual)

          Value                              0.001



MODEL RESULTS

                                                    Two-Tailed
                    Estimate       S.E.  Est./S.E.    P-Value

 TRINS    BY
    B4                 1.000      0.000    999.000    999.000
    B5                 1.097      0.085     12.929      0.000

 TRSOC    BY
    A8                 1.000      0.000    999.000    999.000
    A9                 0.878      0.074     11.846      0.000

 TRSOC    WITH
    TRINS              1.151      0.107     10.761      0.000

 Intercepts
    B4                 4.154      0.050     83.740      0.000
    B5                 4.993      0.050     99.767      0.000
    A8                 5.418      0.045    120.179      0.000
    A9                 5.786      0.043    135.024      0.000

 Variances
    TRINS              2.765      0.251     11.018      0.000
    TRSOC              2.348      0.226     10.375      0.000

 Residual Variances
    B4                 2.917      0.223     13.080      0.000
    B5                 2.456      0.258      9.519      0.000
    A8                 2.346      0.204     11.492      0.000
    A9                 2.430      0.164     14.782      0.000


STANDARDIZED MODEL RESULTS


STDYX Standardization

                                                    Two-Tailed
                    Estimate       S.E.  Est./S.E.    P-Value

 TRINS    BY
    B4                 0.698      0.028     24.842      0.000
    B5                 0.758      0.030     25.635      0.000

 TRSOC    BY
    A8                 0.707      0.031     23.005      0.000
    A9                 0.653      0.029     22.324      0.000

 TRSOC    WITH
    TRINS              0.452      0.028     16.070      0.000

 Intercepts
    B4                 1.743      0.033     52.768      0.000
    B5                 2.076      0.037     56.165      0.000
    A8                 2.501      0.042     59.156      0.000
    A9                 2.810      0.046     60.702      0.000

 Variances
    TRINS              1.000      0.000    999.000    999.000
    TRSOC              1.000      0.000    999.000    999.000

 Residual Variances
    B4                 0.513      0.039     13.106      0.000
    B5                 0.425      0.045      9.463      0.000
    A8                 0.500      0.043     11.491      0.000
    A9                 0.573      0.038     14.991      0.000


R-SQUARE

    Observed                                        Two-Tailed
    Variable        Estimate       S.E.  Est./S.E.    P-Value

    B4                 0.487      0.039     12.421      0.000
    B5                 0.575      0.045     12.818      0.000
    A8                 0.500      0.043     11.503      0.000
    A9                 0.427      0.038     11.162      0.000


QUALITY OF NUMERICAL RESULTS

     Condition Number for the Information Matrix              0.139E-02
       (ratio of smallest to largest eigenvalue)


RESIDUAL OUTPUT


     ESTIMATED MODEL AND RESIDUALS (OBSERVED - ESTIMATED)


           Model Estimated Means/Intercepts/Thresholds
              B4            B5            A8            A9
              ________      ________      ________      ________
      1         4.154         4.993         5.418         5.786


           Residuals for Means/Intercepts/Thresholds
              B4            B5            A8            A9
              ________      ________      ________      ________
      1         0.000         0.000         0.000         0.000


           Standardized Residuals (z-scores) for Means/Intercepts/Thresholds
              B4            B5            A8            A9
              ________      ________      ________      ________
      1         0.045         0.118         0.000         0.000


           Normalized Residuals for Means/Intercepts/Thresholds
              B4            B5            A8            A9
              ________      ________      ________      ________
      1         0.000         0.000         0.000         0.000


           Model Estimated Covariances/Correlations/Residual Correlations
              B4            B5            A8            A9
              ________      ________      ________      ________
 B4             5.682
 B5             3.033         5.783
 A8             1.151         1.263         4.694
 A9             1.011         1.109         2.061         4.240


           Residuals for Covariances/Correlations/Residual Correlations
              B4            B5            A8            A9
              ________      ________      ________      ________
 B4             0.000
 B5             0.000         0.000
 A8             0.007        -0.005         0.000
 A9            -0.008         0.006         0.000         0.000


           Standardized Residuals (z-scores) for Covariances/Correlations/Residual Corr
              B4            B5            A8            A9
              ________      ________      ________      ________
 B4             0.114
 B5             0.112         0.038
 A8             0.257        -0.227         0.106
 A9            -0.245         0.263         0.076         0.052


           Normalized Residuals for Covariances/Correlations/Residual Correlations
              B4            B5            A8            A9
              ________      ________      ________      ________
 B4             0.002
 B5             0.001         0.000
 A8             0.061        -0.045         0.001
 A9            -0.078         0.059         0.001         0.000


MODEL MODIFICATION INDICES

NOTE:  Modification indices for direct effects of observed dependent variables
regressed on covariates may not be included.  To include these, request
MODINDICES (ALL).

Minimum M.I. value for printing the modification index    10.000

                            M.I.     E.P.C.  Std E.P.C.  StdYX E.P.C.

No modification indices above the minimum value.



TECHNICAL 1 OUTPUT


     PARAMETER SPECIFICATION


           NU
              B4            B5            A8            A9
              ________      ________      ________      ________
      1           1             2             3             4


           LAMBDA
              TRINS         TRSOC
              ________      ________
 B4                 0             0
 B5                 5             0
 A8                 0             0
 A9                 0             6


           THETA
              B4            B5            A8            A9
              ________      ________      ________      ________
 B4                 7
 B5                 0             8
 A8                 0             0             9
 A9                 0             0             0            10


           ALPHA
              TRINS         TRSOC
              ________      ________
      1           0             0


           BETA
              TRINS         TRSOC
              ________      ________
 TRINS              0             0
 TRSOC              0             0


           PSI
              TRINS         TRSOC
              ________      ________
 TRINS             11
 TRSOC             12            13


     STARTING VALUES


           NU
              B4            B5            A8            A9
              ________      ________      ________      ________
      1         4.154         4.993         5.418         5.786


           LAMBDA
              TRINS         TRSOC
              ________      ________
 B4             1.000         0.000
 B5             0.534         0.000
 A8             0.000         1.000
 A9             0.000         0.439


           THETA
              B4            B5            A8            A9
              ________      ________      ________      ________
 B4             2.843
 B5             0.000         2.893
 A8             0.000         0.000         2.348
 A9             0.000         0.000         0.000         2.121


           ALPHA
              TRINS         TRSOC
              ________      ________
      1         0.000         0.000


           BETA
              TRINS         TRSOC
              ________      ________
 TRINS          0.000         0.000
 TRSOC          0.000         0.000


           PSI
              TRINS         TRSOC
              ________      ________
 TRINS          0.050
 TRSOC          0.000         0.050


     Beginning Time:  15:48:27
        Ending Time:  15:48:28
       Elapsed Time:  00:00:01



MUTHEN & MUTHEN
3463 Stoner Ave.
Los Angeles, CA  90066

Tel: (310) 391-9971
Fax: (310) 391-8971
Web: www.StatModel.com
Support: Support@StatModel.com

Copyright (c) 1998-2012 Muthen & Muthen
