Mplus VERSION 7 (Mac)
MUTHEN & MUTHEN
08/18/2015   3:48 PM

INPUT INSTRUCTIONS

  TITLE: Exercise III from TUESDAY

  Data: FILE is ESSround3-trust-day2-n.dat;
  Format is 12f2;
  listwise=on;

  Variable: Names are cntry A8 A9 A10 B4 B5 B6 B7 B8 B9 B10 cntrynum;
  usevariables are B4 B5 B6 A8 A9 A10;
  useobservation are (cntrynum EQ 6);


  missing ARE ALL (66 77 88 99);

  !analysis: type = basic;


  model: 	TRINS by B4 B5 B6;
  		TRSOC by A8 A9 A10;

  output: sampstat residual Stdyx Tech1 modindices;



INPUT READING TERMINATED NORMALLY



Exercise III from TUESDAY

SUMMARY OF ANALYSIS

Number of groups                                                 1
Number of observations                                        2804

Number of dependent variables                                    6
Number of independent variables                                  0
Number of continuous latent variables                            2

Observed dependent variables

  Continuous
   B4          B5          B6          A8          A9          A10

Continuous latent variables
   TRINS       TRSOC


Estimator                                                       ML
Information matrix                                        OBSERVED
Maximum number of iterations                                  1000
Convergence criterion                                    0.500D-04
Maximum number of steepest descent iterations                   20

Input data file(s)
  ESSround3-trust-day2-n.dat

Input data format
  (12F2)


SAMPLE STATISTICS


     SAMPLE STATISTICS


           Means
              B4            B5            B6            A8            A9
              ________      ________      ________      ________      ________
      1         4.102         5.459         6.531         4.707         5.755


           Means
              A10
              ________
      1         4.951


           Covariances
              B4            B5            B6            A8            A9
              ________      ________      ________      ________      ________
 B4             5.564
 B5             3.178         6.184
 B6             2.008         3.275         5.017
 A8             1.586         1.610         0.948         5.408
 A9             1.368         1.429         1.108         2.237         4.363
 A10            1.227         1.318         1.038         2.012         2.121


           Covariances
              A10
              ________
 A10            4.636


           Correlations
              B4            B5            B6            A8            A9
              ________      ________      ________      ________      ________
 B4             1.000
 B5             0.542         1.000
 B6             0.380         0.588         1.000
 A8             0.289         0.278         0.182         1.000
 A9             0.278         0.275         0.237         0.460         1.000
 A10            0.241         0.246         0.215         0.402         0.472


           Correlations
              A10
              ________
 A10            1.000


THE MODEL ESTIMATION TERMINATED NORMALLY



MODEL FIT INFORMATION

Number of Free Parameters                       19

Loglikelihood

          H0 Value                      -35613.438
          H1 Value                      -35573.265

Information Criteria

          Akaike (AIC)                   71264.876
          Bayesian (BIC)                 71377.713
          Sample-Size Adjusted BIC       71317.344
            (n* = (n + 2) / 24)

Chi-Square Test of Model Fit

          Value                             80.346
          Degrees of Freedom                     8
          P-Value                           0.0000

RMSEA (Root Mean Square Error Of Approximation)

          Estimate                           0.057
          90 Percent C.I.                    0.046  0.068
          Probability RMSEA <= .05           0.147

CFI/TLI

          CFI                                0.983
          TLI                                0.968

Chi-Square Test of Model Fit for the Baseline Model

          Value                           4206.415
          Degrees of Freedom                    15
          P-Value                           0.0000

SRMR (Standardized Root Mean Square Residual)

          Value                              0.026



MODEL RESULTS

                                                    Two-Tailed
                    Estimate       S.E.  Est./S.E.    P-Value

 TRINS    BY
    B4                 1.000      0.000    999.000    999.000
    B5                 1.476      0.053     27.815      0.000
    B6                 1.013      0.037     27.183      0.000

 TRSOC    BY
    A8                 1.000      0.000    999.000    999.000
    A9                 1.021      0.043     23.956      0.000
    A10                0.930      0.040     23.403      0.000

 TRSOC    WITH
    TRINS              1.057      0.074     14.377      0.000

 Intercepts
    B4                 4.102      0.045     92.093      0.000
    B5                 5.459      0.047    116.249      0.000
    B6                 6.531      0.042    154.399      0.000
    A8                 4.707      0.044    107.173      0.000
    A9                 5.755      0.039    145.878      0.000
    A10                4.951      0.041    121.757      0.000

 Variances
    TRINS              2.155      0.133     16.175      0.000
    TRSOC              2.202      0.142     15.498      0.000

 Residual Variances
    B4                 3.409      0.111     30.805      0.000
    B5                 1.489      0.132     11.301      0.000
    B6                 2.807      0.095     29.663      0.000
    A8                 3.207      0.118     27.111      0.000
    A9                 2.070      0.098     21.181      0.000
    A10                2.733      0.101     27.181      0.000


STANDARDIZED MODEL RESULTS


STDYX Standardization

                                                    Two-Tailed
                    Estimate       S.E.  Est./S.E.    P-Value

 TRINS    BY
    B4                 0.622      0.015     42.306      0.000
    B5                 0.871      0.013     69.642      0.000
    B6                 0.664      0.014     48.541      0.000

 TRSOC    BY
    A8                 0.638      0.016     39.189      0.000
    A9                 0.725      0.016     46.547      0.000
    A10                0.641      0.016     39.774      0.000

 TRSOC    WITH
    TRINS              0.485      0.021     22.696      0.000

 Intercepts
    B4                 1.739      0.030     58.101      0.000
    B5                 2.195      0.035     62.955      0.000
    B6                 2.916      0.043     67.380      0.000
    A8                 2.024      0.033     61.385      0.000
    A9                 2.755      0.041     66.621      0.000
    A10                2.299      0.036     63.787      0.000

 Variances
    TRINS              1.000      0.000    999.000    999.000
    TRSOC              1.000      0.000    999.000    999.000

 Residual Variances
    B4                 0.613      0.018     33.463      0.000
    B5                 0.241      0.022     11.043      0.000
    B6                 0.560      0.018     30.838      0.000
    A8                 0.593      0.021     28.536      0.000
    A9                 0.474      0.023     21.010      0.000
    A10                0.590      0.021     28.562      0.000


R-SQUARE

    Observed                                        Two-Tailed
    Variable        Estimate       S.E.  Est./S.E.    P-Value

    B4                 0.387      0.018     21.153      0.000
    B5                 0.759      0.022     34.821      0.000
    B6                 0.440      0.018     24.271      0.000
    A8                 0.407      0.021     19.594      0.000
    A9                 0.526      0.023     23.274      0.000
    A10                0.410      0.021     19.887      0.000


QUALITY OF NUMERICAL RESULTS

     Condition Number for the Information Matrix              0.331E-02
       (ratio of smallest to largest eigenvalue)


RESIDUAL OUTPUT


     ESTIMATED MODEL AND RESIDUALS (OBSERVED - ESTIMATED)


           Model Estimated Means/Intercepts/Thresholds
              B4            B5            B6            A8            A9
              ________      ________      ________      ________      ________
      1         4.102         5.459         6.531         4.707         5.755


           Model Estimated Means/Intercepts/Thresholds
              A10
              ________
      1         4.951


           Residuals for Means/Intercepts/Thresholds
              B4            B5            B6            A8            A9
              ________      ________      ________      ________      ________
      1         0.000         0.000         0.000         0.000         0.000


           Residuals for Means/Intercepts/Thresholds
              A10
              ________
      1         0.000


           Standardized Residuals (z-scores) for Means/Intercepts/Thresholds
              B4            B5            B6            A8            A9
              ________      ________      ________      ________      ________
      1         0.000         0.000         0.000         0.000         0.000


           Standardized Residuals (z-scores) for Means/Intercepts/Thresholds
              A10
              ________
      1         0.000


           Normalized Residuals for Means/Intercepts/Thresholds
              B4            B5            B6            A8            A9
              ________      ________      ________      ________      ________
      1         0.000         0.000         0.000         0.000         0.000


           Normalized Residuals for Means/Intercepts/Thresholds
              A10
              ________
      1         0.000


           Model Estimated Covariances/Correlations/Residual Correlations
              B4            B5            B6            A8            A9
              ________      ________      ________      ________      ________
 B4             5.564
 B5             3.181         6.184
 B6             2.182         3.221         5.017
 A8             1.057         1.560         1.070         5.408
 A9             1.079         1.592         1.092         2.247         4.363
 A10            0.982         1.450         0.995         2.047         2.089


           Model Estimated Covariances/Correlations/Residual Correlations
              A10
              ________
 A10            4.636


           Residuals for Covariances/Correlations/Residual Correlations
              B4            B5            B6            A8            A9
              ________      ________      ________      ________      ________
 B4             0.000
 B5            -0.003         0.000
 B6            -0.174         0.054         0.000
 A8             0.529         0.050        -0.122         0.000
 A9             0.289        -0.163         0.016        -0.011         0.000
 A10            0.244        -0.133         0.043        -0.035         0.032


           Residuals for Covariances/Correlations/Residual Correlations
              A10
              ________
 A10            0.000


           Standardized Residuals (z-scores) for Covariances/Correlations/Residual Corr
              B4            B5            B6            A8            A9
              ________      ________      ________      ________      ________
 B4           999.000
 B5            -0.327         0.000
 B6            -5.249       999.000         0.000
 A8             6.707         0.834        -1.762         0.000
 A9             4.456        -3.731         0.283        -0.591         0.000
 A10            3.392        -2.367         0.659        -1.281         2.491


           Standardized Residuals (z-scores) for Covariances/Correlations/Residual Corr
              A10
              ________
 A10            0.031


           Normalized Residuals for Covariances/Correlations/Residual Correlations
              B4            B5            B6            A8            A9
              ________      ________      ________      ________      ________
 B4             0.000
 B5            -0.025         0.000
 B6            -1.629         0.443         0.000
 A8             4.907         0.445        -1.221         0.000
 A9             2.995        -1.606         0.180        -0.104         0.000
 A10            2.473        -1.274         0.462        -0.346         0.340


           Normalized Residuals for Covariances/Correlations/Residual Correlations
              A10
              ________
 A10            0.000


MODEL MODIFICATION INDICES

NOTE:  Modification indices for direct effects of observed dependent variables
regressed on covariates may not be included.  To include these, request
MODINDICES (ALL).

Minimum M.I. value for printing the modification index    10.000

                            M.I.     E.P.C.  Std E.P.C.  StdYX E.P.C.

BY Statements

TRSOC    BY B4             51.592     0.277      0.411        0.174
TRSOC    BY B5             32.232    -0.269     -0.398       -0.160

WITH Statements

B6       WITH B4           32.205    -0.632     -0.632       -0.204
B6       WITH B5           51.508     1.420      1.420        0.695
A8       WITH B4           21.389     0.342      0.342        0.104
A8       WITH B6           13.590    -0.252     -0.252       -0.084
A9       WITH B5           12.230    -0.225     -0.225       -0.128


TECHNICAL 1 OUTPUT


     PARAMETER SPECIFICATION


           NU
              B4            B5            B6            A8            A9
              ________      ________      ________      ________      ________
      1           1             2             3             4             5


           NU
              A10
              ________
      1           6


           LAMBDA
              TRINS         TRSOC
              ________      ________
 B4                 0             0
 B5                 7             0
 B6                 8             0
 A8                 0             0
 A9                 0             9
 A10                0            10


           THETA
              B4            B5            B6            A8            A9
              ________      ________      ________      ________      ________
 B4                11
 B5                 0            12
 B6                 0             0            13
 A8                 0             0             0            14
 A9                 0             0             0             0            15
 A10                0             0             0             0             0


           THETA
              A10
              ________
 A10               16


           ALPHA
              TRINS         TRSOC
              ________      ________
      1           0             0


           BETA
              TRINS         TRSOC
              ________      ________
 TRINS              0             0
 TRSOC              0             0


           PSI
              TRINS         TRSOC
              ________      ________
 TRINS             17
 TRSOC             18            19


     STARTING VALUES


           NU
              B4            B5            B6            A8            A9
              ________      ________      ________      ________      ________
      1         4.102         5.459         6.531         4.707         5.755


           NU
              A10
              ________
      1         4.951


           LAMBDA
              TRINS         TRSOC
              ________      ________
 B4             1.000         0.000
 B5             1.631         0.000
 B6             1.031         0.000
 A8             0.000         1.000
 A9             0.000         1.054
 A10            0.000         0.948


           THETA
              B4            B5            B6            A8            A9
              ________      ________      ________      ________      ________
 B4             2.783
 B5             0.000         3.093
 B6             0.000         0.000         2.509
 A8             0.000         0.000         0.000         2.705
 A9             0.000         0.000         0.000         0.000         2.183
 A10            0.000         0.000         0.000         0.000         0.000


           THETA
              A10
              ________
 A10            2.319


           ALPHA
              TRINS         TRSOC
              ________      ________
      1         0.000         0.000


           BETA
              TRINS         TRSOC
              ________      ________
 TRINS          0.000         0.000
 TRSOC          0.000         0.000


           PSI
              TRINS         TRSOC
              ________      ________
 TRINS          0.050
 TRSOC          0.000         0.050


     Beginning Time:  15:48:44
        Ending Time:  15:48:45
       Elapsed Time:  00:00:01



MUTHEN & MUTHEN
3463 Stoner Ave.
Los Angeles, CA  90066

Tel: (310) 391-9971
Fax: (310) 391-8971
Web: www.StatModel.com
Support: Support@StatModel.com

Copyright (c) 1998-2012 Muthen & Muthen
