Mplus VERSION 7 (Mac)
MUTHEN & MUTHEN
08/18/2015   3:16 PM

INPUT INSTRUCTIONS

  TITLE: Exercise III from TUESDAY

  Data: FILE is ESSround3-trust-day2-n.dat;
  Format is 12f2;
  listwise=on;

  Variable: Names are cntry A8 A9 A10 B4 B5 B6 B7 B8 B9 B10 cntrynum;
  usevariables are B4 B5 B6;

  missing ARE ALL (66 77 88 99);

  !analysis: type = basic;




  model: TRUST by B4 B5 B6;

  output: sampstat residual Stdyx Tech1 modindices;



INPUT READING TERMINATED NORMALLY



Exercise III from TUESDAY

SUMMARY OF ANALYSIS

Number of groups                                                 1
Number of observations                                       42996

Number of dependent variables                                    3
Number of independent variables                                  0
Number of continuous latent variables                            1

Observed dependent variables

  Continuous
   B4          B5          B6

Continuous latent variables
   TRUST


Estimator                                                       ML
Information matrix                                        OBSERVED
Maximum number of iterations                                  1000
Convergence criterion                                    0.500D-04
Maximum number of steepest descent iterations                   20

Input data file(s)
  ESSround3-trust-day2-n.dat

Input data format
  (12F2)


SAMPLE STATISTICS


     SAMPLE STATISTICS


           Means
              B4            B5            B6
              ________      ________      ________
      1         4.402         4.957         5.620


           Covariances
              B4            B5            B6
              ________      ________      ________
 B4             6.578
 B5             4.463         7.158
 B6             3.754         5.015         7.308


           Correlations
              B4            B5            B6
              ________      ________      ________
 B4             1.000
 B5             0.650         1.000
 B6             0.541         0.693         1.000


THE MODEL ESTIMATION TERMINATED NORMALLY



MODEL FIT INFORMATION

Number of Free Parameters                        9

Loglikelihood

          H0 Value                     -282089.743
          H1 Value                     -282089.743

Information Criteria

          Akaike (AIC)                  564197.485
          Bayesian (BIC)                564275.505
          Sample-Size Adjusted BIC      564246.903
            (n* = (n + 2) / 24)

Chi-Square Test of Model Fit

          Value                              0.000
          Degrees of Freedom                     0
          P-Value                           0.0000

RMSEA (Root Mean Square Error Of Approximation)

          Estimate                           0.000
          90 Percent C.I.                    0.000  0.000
          Probability RMSEA <= .05           0.000

CFI/TLI

          CFI                                1.000
          TLI                                1.000

Chi-Square Test of Model Fit for the Baseline Model

          Value                          53015.549
          Degrees of Freedom                     3
          P-Value                           0.0000

SRMR (Standardized Root Mean Square Residual)

          Value                              0.000



MODEL RESULTS

                                                    Two-Tailed
                    Estimate       S.E.  Est./S.E.    P-Value

 TRUST    BY
    B4                 1.000      0.000    999.000    999.000
    B5                 1.336      0.009    145.673      0.000
    B6                 1.124      0.008    145.084      0.000

 Intercepts
    B4                 4.402      0.012    355.877      0.000
    B5                 4.957      0.013    384.175      0.000
    B6                 5.620      0.013    431.053      0.000

 Variances
    TRUST              3.341      0.042     78.782      0.000

 Residual Variances
    B4                 3.238      0.028    117.403      0.000
    B5                 1.197      0.031     39.125      0.000
    B6                 3.089      0.030    104.194      0.000


STANDARDIZED MODEL RESULTS


STDYX Standardization

                                                    Two-Tailed
                    Estimate       S.E.  Est./S.E.    P-Value

 TRUST    BY
    B4                 0.713      0.003    241.119      0.000
    B5                 0.913      0.002    380.955      0.000
    B6                 0.760      0.003    274.116      0.000

 Intercepts
    B4                 1.716      0.008    226.299      0.000
    B5                 1.853      0.008    233.091      0.000
    B6                 2.079      0.009    242.450      0.000

 Variances
    TRUST              1.000      0.000    999.000    999.000

 Residual Variances
    B4                 0.492      0.004    116.811      0.000
    B5                 0.167      0.004     38.229      0.000
    B6                 0.423      0.004    100.349      0.000


R-SQUARE

    Observed                                        Two-Tailed
    Variable        Estimate       S.E.  Est./S.E.    P-Value

    B4                 0.508      0.004    120.559      0.000
    B5                 0.833      0.004    190.478      0.000
    B6                 0.577      0.004    137.058      0.000


QUALITY OF NUMERICAL RESULTS

     Condition Number for the Information Matrix              0.574E-02
       (ratio of smallest to largest eigenvalue)


RESIDUAL OUTPUT


     ESTIMATED MODEL AND RESIDUALS (OBSERVED - ESTIMATED)


           Model Estimated Means/Intercepts/Thresholds
              B4            B5            B6
              ________      ________      ________
      1         4.402         4.957         5.620


           Residuals for Means/Intercepts/Thresholds
              B4            B5            B6
              ________      ________      ________
      1         0.000         0.000         0.000


           Standardized Residuals (z-scores) for Means/Intercepts/Thresholds
              B4            B5            B6
              ________      ________      ________
      1       999.000         0.000       999.000


           Normalized Residuals for Means/Intercepts/Thresholds
              B4            B5            B6
              ________      ________      ________
      1        -0.001         0.000         0.001


           Model Estimated Covariances/Correlations/Residual Correlations
              B4            B5            B6
              ________      ________      ________
 B4             6.579
 B5             4.463         7.158
 B6             3.755         5.016         7.309


           Residuals for Covariances/Correlations/Residual Correlations
              B4            B5            B6
              ________      ________      ________
 B4            -0.001
 B5            -0.001         0.000
 B6             0.000         0.000         0.000


           Standardized Residuals (z-scores) for Covariances/Correlations/Residual Corr
              B4            B5            B6
              ________      ________      ________
 B4           999.000
 B5           999.000       999.000
 B6           999.000       999.000       999.000


           Normalized Residuals for Covariances/Correlations/Residual Correlations
              B4            B5            B6
              ________      ________      ________
 B4            -0.015
 B5            -0.014        -0.006
 B6            -0.013        -0.006        -0.007


MODEL MODIFICATION INDICES

NOTE:  Modification indices for direct effects of observed dependent variables
regressed on covariates may not be included.  To include these, request
MODINDICES (ALL).

Minimum M.I. value for printing the modification index    10.000

                            M.I.     E.P.C.  Std E.P.C.  StdYX E.P.C.

No modification indices above the minimum value.



TECHNICAL 1 OUTPUT


     PARAMETER SPECIFICATION


           NU
              B4            B5            B6
              ________      ________      ________
      1           1             2             3


           LAMBDA
              TRUST
              ________
 B4                 0
 B5                 4
 B6                 5


           THETA
              B4            B5            B6
              ________      ________      ________
 B4                 6
 B5                 0             7
 B6                 0             0             8


           ALPHA
              TRUST
              ________
      1           0


           BETA
              TRUST
              ________
 TRUST              0


           PSI
              TRUST
              ________
 TRUST              9


     STARTING VALUES


           NU
              B4            B5            B6
              ________      ________      ________
      1         4.402         4.957         5.620


           LAMBDA
              TRUST
              ________
 B4             1.000
 B5             1.336
 B6             1.124


           THETA
              B4            B5            B6
              ________      ________      ________
 B4             3.289
 B5             0.000         3.579
 B6             0.000         0.000         3.654


           ALPHA
              TRUST
              ________
      1         0.000


           BETA
              TRUST
              ________
 TRUST          0.000


           PSI
              TRUST
              ________
 TRUST          0.050


     Beginning Time:  15:16:17
        Ending Time:  15:16:18
       Elapsed Time:  00:00:01



MUTHEN & MUTHEN
3463 Stoner Ave.
Los Angeles, CA  90066

Tel: (310) 391-9971
Fax: (310) 391-8971
Web: www.StatModel.com
Support: Support@StatModel.com

Copyright (c) 1998-2012 Muthen & Muthen
